{
  "RSpec": {
    "coverage": {
      "/home/amazing-computer-1473/tic-tac-toe-rb-ruby-apply-000/lib/tic_tac_toe.rb": [
        1,
        null,
        null,
        1,
        null,
        null,
        null,
        null,
        null,
        null,
        null,
        null,
        null,
        1,
        null,
        null,
        1,
        10,
        10,
        10,
        10,
        10,
        null,
        null,
        null,
        1,
        954,
        null,
        null,
        null,
        1,
        11,
        null,
        null,
        null,
        1,
        952,
        null,
        null,
        null,
        1,
        950,
        9,
        null,
        941,
        null,
        null,
        null,
        1,
        948,
        null,
        947,
        947,
        947,
        null,
        947,
        8,
        8,
        null,
        939,
        null,
        null,
        null,
        1,
        0,
        0,
        0,
        null,
        0,
        null,
        null,
        null,
        1,
        4,
        4,
        4,
        4,
        null,
        4,
        7,
        6,
        0,
        null,
        null,
        null,
        null,
        null,
        1,
        949,
        949,
        8541,
        1883,
        null,
        null,
        null,
        949,
        null,
        null,
        null,
        1,
        948,
        946,
        null,
        2,
        null,
        null,
        null,
        null,
        1,
        17,
        126,
        126,
        126,
        null,
        126,
        null,
        null,
        12,
        null,
        null,
        null,
        1,
        126,
        null,
        126,
        5,
        5,
        null,
        null,
        121,
        null,
        null,
        null,
        1,
        8,
        null,
        null,
        null,
        1,
        7,
        null,
        null,
        null,
        1,
        3,
        null,
        null,
        null,
        1,
        3,
        3,
        null,
        3,
        null,
        null,
        null,
        null,
        null,
        null,
        null,
        null,
        null,
        null,
        null,
        null,
        null,
        null,
        null
      ]
    },
    "timestamp": 1599511320
  }
}
